<?xml version="1.0" encoding="UTF-8"?>
<!-- Generated by org.testng.reporters.JUnitXMLReporter -->
<testsuite hostname="Dhavals-MacBook-Pro.local" ignored="0" name="Test1" tests="3" failures="0" timestamp="08 Feb 2021 02:22:47 GMT" time="44.467" errors="0">
  <testcase name="input" time="8.951" classname="testngClasses.Test1"/>
  <testcase name="input" time="8.882" classname="testngClasses.Test2"/>
  <testcase name="input" time="8.499" classname="testngClasses.Test3"/>
</testsuite> <!-- Test1 -->
