<?xml version="1.0" encoding="UTF-8"?>
<testng-results skipped="0" failed="0" ignored="0" total="1" passed="1">
  <reporter-output>
  </reporter-output>
  <suite name="Default suite" duration-ms="26992" started-at="2021-02-08T18:27:17Z" finished-at="2021-02-08T18:27:44Z">
    <groups>
    </groups>
    <test name="Default test" duration-ms="26992" started-at="2021-02-08T18:27:17Z" finished-at="2021-02-08T18:27:44Z">
      <class name="testngClasses.Test1">
        <test-method status="PASS" signature="beforeClass()[pri:0, instance:testngClasses.Test1@20d3d15a]" name="beforeClass" is-config="true" duration-ms="5809" started-at="2021-02-08T18:27:17Z" finished-at="2021-02-08T18:27:23Z">
          <reporter-output>
          </reporter-output>
        </test-method> <!-- beforeClass -->
        <test-method status="PASS" signature="input()[pri:1, instance:testngClasses.Test1@20d3d15a]" name="input" duration-ms="20123" started-at="2021-02-08T18:27:23Z" finished-at="2021-02-08T18:27:43Z">
          <reporter-output>
          </reporter-output>
        </test-method> <!-- input -->
        <test-method status="PASS" signature="afterClass()[pri:0, instance:testngClasses.Test1@20d3d15a]" name="afterClass" is-config="true" duration-ms="1030" started-at="2021-02-08T18:27:43Z" finished-at="2021-02-08T18:27:44Z">
          <reporter-output>
          </reporter-output>
        </test-method> <!-- afterClass -->
      </class> <!-- testngClasses.Test1 -->
    </test> <!-- Default test -->
  </suite> <!-- Default suite -->
</testng-results>
